#
# There is insufficient memory for the Java Runtime Environment to continue.
# Native memory allocation (malloc) failed to allocate 1019376 bytes for Chunk::new
# Possible reasons:
#   The system is out of physical RAM or swap space
#   The process is running with CompressedOops enabled, and the Java Heap may be blocking the growth of the native heap
# Possible solutions:
#   Reduce memory load on the system
#   Increase physical memory or swap space
#   Check if swap backing store is full
#   Decrease Java heap size (-Xmx/-Xms)
#   Decrease number of Java threads
#   Decrease Java thread stack sizes (-Xss)
#   Set larger code cache with -XX:ReservedCodeCacheSize=
#   JVM is running with Unscaled Compressed Oops mode in which the Java heap is
#     placed in the first 4GB address space. The Java Heap base address is the
#     maximum limit for the native heap growth. Please use -XX:HeapBaseMinAddress
#     to set the Java Heap base and to place the Java Heap above 4GB virtual address.
# This output file may be truncated or incomplete.
#
#  Out of Memory Error (arena.cpp:189), pid=9744, tid=19392
#
# JRE version: OpenJDK Runtime Environment (17.0.1+12) (build 17.0.1+12-39)
# Java VM: OpenJDK 64-Bit Server VM (17.0.1+12-39, mixed mode, sharing, tiered, compressed oops, compressed class ptrs, g1 gc, windows-amd64)
# No core dump will be written. Minidumps are not enabled by default on client versions of Windows
#

---------------  S U M M A R Y ------------

Command Line: -ea -Didea.test.cyclic.buffer.size=1048576 -javaagent:C:\Program Files\JetBrains\IntelliJ IDEA Community Edition 2021.2.3\lib\idea_rt.jar=54794:C:\Program Files\JetBrains\IntelliJ IDEA Community Edition 2021.2.3\bin -Dfile.encoding=UTF-8 com.intellij.rt.testng.RemoteTestNGStarter -usedefaultlisteners false -socket54793 @w@C:\Users\Dell\AppData\Local\Temp\idea_working_dirs_testng.tmp -temp C:\Users\Dell\AppData\Local\Temp\idea_testng.tmp

Host: 11th Gen Intel(R) Core(TM) i7-1165G7 @ 2.80GHz, 8 cores, 7G,  Windows 10 , 64 bit Build 22000 (10.0.22000.708)
Time: Mon Jul 11 18:36:51 2022 India Standard Time elapsed time: 3766.448736 seconds (0d 1h 2m 46s)

---------------  T H R E A D  ---------------

Current thread (0x000001eb3038ba70):  JavaThread "C2 CompilerThread0" daemon [_thread_in_native, id=19392, stack(0x000000b297300000,0x000000b297400000)]


Current CompileTask:
C2:3766448 9804   !   4       java.text.SimpleDateFormat::subParse (1841 bytes)

Stack: [0x000000b297300000,0x000000b297400000]
Native frames: (J=compiled Java code, j=interpreted, Vv=VM code, C=native code)
V  [jvm.dll+0x66fa1a]
V  [jvm.dll+0x7ce5a4]
V  [jvm.dll+0x7cfd4e]
V  [jvm.dll+0x7d03b3]
V  [jvm.dll+0x242b05]
V  [jvm.dll+0xaa05b]
V  [jvm.dll+0xaa5ec]
V  [jvm.dll+0x2a953f]
V  [jvm.dll+0x5785a9]
V  [jvm.dll+0x21dd7d]
V  [jvm.dll+0x21e15f]
V  [jvm.dll+0x217a2a]
V  [jvm.dll+0x214f05]
V  [jvm.dll+0x1a168d]
V  [jvm.dll+0x224848]
V  [jvm.dll+0x2229ac]
V  [jvm.dll+0x78435b]
V  [jvm.dll+0x77e91a]
V  [jvm.dll+0x66e845]
C  [ucrtbase.dll+0x26c0c]
C  [KERNEL32.DLL+0x154e0]
C  [ntdll.dll+0x485b]


---------------  P R O C E S S  ---------------

Threads class SMR info:
_java_thread_list=0x000001eb315a0c10, length=19, elements={
0x000001eb124a9890, 0x000001eb30371ac0, 0x000001eb30372470, 0x000001eb30385fb0,
0x000001eb30386960, 0x000001eb30389320, 0x000001eb30389cd0, 0x000001eb3038ba70,
0x000001eb3038cd20, 0x000001eb3038d710, 0x000001eb30d89fd0, 0x000001eb30f8b500,
0x000001eb30f8b9d0, 0x000001eb33359000, 0x000001eb317b3a20, 0x000001eb3243c9e0,
0x000001eb3243a830, 0x000001eb3243d380, 0x000001eb32439e90
}

Java Threads: ( => current thread )
  0x000001eb124a9890 JavaThread "main" [_thread_in_Java, id=14416, stack(0x000000b296600000,0x000000b296700000)]
  0x000001eb30371ac0 JavaThread "Reference Handler" daemon [_thread_blocked, id=4640, stack(0x000000b296d00000,0x000000b296e00000)]
  0x000001eb30372470 JavaThread "Finalizer" daemon [_thread_blocked, id=3024, stack(0x000000b296e00000,0x000000b296f00000)]
  0x000001eb30385fb0 JavaThread "Signal Dispatcher" daemon [_thread_blocked, id=8688, stack(0x000000b296f00000,0x000000b297000000)]
  0x000001eb30386960 JavaThread "Attach Listener" daemon [_thread_blocked, id=4356, stack(0x000000b297000000,0x000000b297100000)]
  0x000001eb30389320 JavaThread "Service Thread" daemon [_thread_blocked, id=12472, stack(0x000000b297100000,0x000000b297200000)]
  0x000001eb30389cd0 JavaThread "Monitor Deflation Thread" daemon [_thread_blocked, id=11596, stack(0x000000b297200000,0x000000b297300000)]
=>0x000001eb3038ba70 JavaThread "C2 CompilerThread0" daemon [_thread_in_native, id=19392, stack(0x000000b297300000,0x000000b297400000)]
  0x000001eb3038cd20 JavaThread "C1 CompilerThread0" daemon [_thread_blocked, id=20420, stack(0x000000b297400000,0x000000b297500000)]
  0x000001eb3038d710 JavaThread "Sweeper thread" daemon [_thread_blocked, id=6896, stack(0x000000b297500000,0x000000b297600000)]
  0x000001eb30d89fd0 JavaThread "Common-Cleaner" daemon [_thread_blocked, id=17524, stack(0x000000b297600000,0x000000b297700000)]
  0x000001eb30f8b500 JavaThread "Monitor Ctrl-Break" daemon [_thread_in_native, id=17064, stack(0x000000b297700000,0x000000b297800000)]
  0x000001eb30f8b9d0 JavaThread "Notification Thread" daemon [_thread_blocked, id=1988, stack(0x000000b297800000,0x000000b297900000)]
  0x000001eb33359000 JavaThread "OkHttp ConnectionPool" daemon [_thread_blocked, id=19860, stack(0x000000b298600000,0x000000b298700000)]
  0x000001eb317b3a20 JavaThread "Okio Watchdog" daemon [_thread_blocked, id=2164, stack(0x000000b298700000,0x000000b298800000)]
  0x000001eb3243c9e0 JavaThread "mysql-cj-abandoned-connection-cleanup" daemon [_thread_blocked, id=18408, stack(0x000000b298800000,0x000000b298900000)]
  0x000001eb3243a830 JavaThread "Timer-0" daemon [_thread_blocked, id=13212, stack(0x000000b298900000,0x000000b298a00000)]
  0x000001eb3243d380 JavaThread "Java2D Disposer" daemon [_thread_blocked, id=4272, stack(0x000000b297a00000,0x000000b297b00000)]
  0x000001eb32439e90 JavaThread "AWT-Windows" daemon [_thread_in_native, id=7788, stack(0x000000b298100000,0x000000b298200000)]

Other Threads:
  0x000001eb3036c120 VMThread "VM Thread" [stack: 0x000000b296c00000,0x000000b296d00000] [id=17216]
  0x000001eb30f860a0 WatcherThread [stack: 0x000000b297900000,0x000000b297a00000] [id=5168]
  0x000001eb124e7590 GCTaskThread "GC Thread#0" [stack: 0x000000b296700000,0x000000b296800000] [id=9456]
  0x000001eb31841a30 GCTaskThread "GC Thread#1" [stack: 0x000000b297b00000,0x000000b297c00000] [id=9444]
  0x000001eb31a94060 GCTaskThread "GC Thread#2" [stack: 0x000000b297c00000,0x000000b297d00000] [id=2032]
  0x000001eb31a935a0 GCTaskThread "GC Thread#3" [stack: 0x000000b297d00000,0x000000b297e00000] [id=15636]
  0x000001eb31a93b00 GCTaskThread "GC Thread#4" [stack: 0x000000b297f00000,0x000000b298000000] [id=18536]
  0x000001eb31a94b20 GCTaskThread "GC Thread#5" [stack: 0x000000b298000000,0x000000b298100000] [id=13584]
  0x000001eb316a0540 GCTaskThread "GC Thread#6" [stack: 0x000000b298300000,0x000000b298400000] [id=11632]
  0x000001eb316a07f0 GCTaskThread "GC Thread#7" [stack: 0x000000b298400000,0x000000b298500000] [id=8780]
  0x000001eb124f7c50 ConcurrentGCThread "G1 Main Marker" [stack: 0x000000b296800000,0x000000b296900000] [id=18292]
  0x000001eb124f8660 ConcurrentGCThread "G1 Conc#0" [stack: 0x000000b296900000,0x000000b296a00000] [id=9624]
  0x000001eb316a1d70 ConcurrentGCThread "G1 Conc#1" [stack: 0x000000b298a00000,0x000000b298b00000] [id=360]
  0x000001eb1256e690 ConcurrentGCThread "G1 Refine#0" [stack: 0x000000b296a00000,0x000000b296b00000] [id=9136]
  0x000001eb32e5c070 ConcurrentGCThread "G1 Refine#1" [stack: 0x000000b299000000,0x000000b299100000] [id=18988]
  0x000001eb32e5c350 ConcurrentGCThread "G1 Refine#2" [stack: 0x000000b299200000,0x000000b299300000] [id=15080]
  0x000001eb32e5c630 ConcurrentGCThread "G1 Refine#3" [stack: 0x000000b299400000,0x000000b299500000] [id=4644]
  0x000001eb32e5d1b0 ConcurrentGCThread "G1 Refine#4" [stack: 0x000000b299500000,0x000000b299600000] [id=20384]
  0x000001eb30213630 ConcurrentGCThread "G1 Service" [stack: 0x000000b296b00000,0x000000b296c00000] [id=19468]

Threads with active compile tasks:
C2 CompilerThread0  3766479 9804   !   4       java.text.SimpleDateFormat::subParse (1841 bytes)

VM state: not at safepoint (normal execution)

VM Mutex/Monitor currently owned by a thread: None

Heap address: 0x0000000084400000, size: 1980 MB, Compressed Oops mode: 32-bit

CDS archive(s) mapped at: [0x0000000800000000-0x0000000800bc0000-0x0000000800bc0000), size 12320768, SharedBaseAddress: 0x0000000800000000, ArchiveRelocationMode: 0.
Compressed class space mapped at: 0x0000000800c00000-0x0000000840c00000, reserved size: 1073741824
Narrow klass base: 0x0000000800000000, Narrow klass shift: 0, Narrow klass range: 0x100000000

GC Precious Log:
 CPUs: 8 total, 8 available
 Memory: 7918M
 Large Page Support: Disabled
 NUMA Support: Disabled
 Compressed Oops: Enabled (32-bit)
 Heap Region Size: 1M
 Heap Min Capacity: 8M
 Heap Initial Capacity: 124M
 Heap Max Capacity: 1980M
 Pre-touch: Disabled
 Parallel Workers: 8
 Concurrent Workers: 2
 Concurrent Refinement Workers: 8
 Periodic GC: Disabled

Heap:
 garbage-first heap   total 143360K, used 84419K [0x0000000084400000, 0x0000000100000000)
  region size 1024K, 19 young (19456K), 2 survivors (2048K)
 Metaspace       used 48280K, committed 48960K, reserved 1097728K
  class space    used 5382K, committed 5696K, reserved 1048576K

Heap Regions: E=young(eden), S=young(survivor), O=old, HS=humongous(starts), HC=humongous(continues), CS=collection set, F=free, OA=open archive, CA=closed archive, TAMS=top-at-mark-start (previous, next)
|   0|0x0000000084400000, 0x0000000084500000, 0x0000000084500000|100%|HS|  |TAMS 0x0000000084500000, 0x0000000084500000| Complete 
|   1|0x0000000084500000, 0x0000000084600000, 0x0000000084600000|100%| O|  |TAMS 0x0000000084600000, 0x0000000084600000| Untracked 
|   2|0x0000000084600000, 0x0000000084700000, 0x0000000084700000|100%| O|  |TAMS 0x0000000084700000, 0x0000000084700000| Untracked 
|   3|0x0000000084700000, 0x0000000084800000, 0x0000000084800000|100%| O|  |TAMS 0x0000000084800000, 0x0000000084800000| Untracked 
|   4|0x0000000084800000, 0x0000000084900000, 0x0000000084900000|100%| O|  |TAMS 0x0000000084900000, 0x0000000084900000| Untracked 
|   5|0x0000000084900000, 0x0000000084a00000, 0x0000000084a00000|100%| O|  |TAMS 0x0000000084a00000, 0x0000000084a00000| Untracked 
|   6|0x0000000084a00000, 0x0000000084b00000, 0x0000000084b00000|100%| O|  |TAMS 0x0000000084b00000, 0x0000000084b00000| Untracked 
|   7|0x0000000084b00000, 0x0000000084c00000, 0x0000000084c00000|100%| O|  |TAMS 0x0000000084c00000, 0x0000000084c00000| Untracked 
|   8|0x0000000084c00000, 0x0000000084d00000, 0x0000000084d00000|100%| O|  |TAMS 0x0000000084d00000, 0x0000000084d00000| Untracked 
|   9|0x0000000084d00000, 0x0000000084e00000, 0x0000000084e00000|100%| O|  |TAMS 0x0000000084e00000, 0x0000000084e00000| Untracked 
|  10|0x0000000084e00000, 0x0000000084f00000, 0x0000000084f00000|100%| O|  |TAMS 0x0000000084f00000, 0x0000000084f00000| Untracked 
|  11|0x0000000084f00000, 0x0000000085000000, 0x0000000085000000|100%| O|  |TAMS 0x0000000085000000, 0x0000000085000000| Untracked 
|  12|0x0000000085000000, 0x0000000085100000, 0x0000000085100000|100%|HS|  |TAMS 0x0000000085100000, 0x0000000085100000| Complete 
|  13|0x0000000085100000, 0x0000000085200000, 0x0000000085200000|100%| O|  |TAMS 0x0000000085200000, 0x0000000085200000| Untracked 
|  14|0x0000000085200000, 0x0000000085300000, 0x0000000085300000|100%| O|  |TAMS 0x0000000085300000, 0x0000000085300000| Untracked 
|  15|0x0000000085300000, 0x0000000085400000, 0x0000000085400000|100%| O|  |TAMS 0x0000000085400000, 0x0000000085400000| Untracked 
|  16|0x0000000085400000, 0x0000000085500000, 0x0000000085500000|100%| O|  |TAMS 0x0000000085500000, 0x0000000085500000| Untracked 
|  17|0x0000000085500000, 0x0000000085600000, 0x0000000085600000|100%| O|  |TAMS 0x0000000085600000, 0x0000000085600000| Untracked 
|  18|0x0000000085600000, 0x0000000085700000, 0x0000000085700000|100%| O|  |TAMS 0x0000000085700000, 0x0000000085700000| Untracked 
|  19|0x0000000085700000, 0x0000000085800000, 0x0000000085800000|100%| O|  |TAMS 0x0000000085800000, 0x0000000085800000| Untracked 
|  20|0x0000000085800000, 0x0000000085900000, 0x0000000085900000|100%| O|  |TAMS 0x0000000085900000, 0x0000000085900000| Untracked 
|  21|0x0000000085900000, 0x0000000085a00000, 0x0000000085a00000|100%| O|  |TAMS 0x0000000085a00000, 0x0000000085a00000| Untracked 
|  22|0x0000000085a00000, 0x0000000085b00000, 0x0000000085b00000|100%| O|  |TAMS 0x0000000085b00000, 0x0000000085b00000| Untracked 
|  23|0x0000000085b00000, 0x0000000085c00000, 0x0000000085c00000|100%| O|  |TAMS 0x0000000085c00000, 0x0000000085c00000| Untracked 
|  24|0x0000000085c00000, 0x0000000085d00000, 0x0000000085d00000|100%| O|  |TAMS 0x0000000085d00000, 0x0000000085d00000| Untracked 
|  25|0x0000000085d00000, 0x0000000085e00000, 0x0000000085e00000|100%| O|  |TAMS 0x0000000085e00000, 0x0000000085e00000| Untracked 
|  26|0x0000000085e00000, 0x0000000085f00000, 0x0000000085f00000|100%| O|  |TAMS 0x0000000085f00000, 0x0000000085f00000| Untracked 
|  27|0x0000000085f00000, 0x0000000086000000, 0x0000000086000000|100%| O|  |TAMS 0x0000000086000000, 0x0000000086000000| Untracked 
|  28|0x0000000086000000, 0x0000000086100000, 0x0000000086100000|100%| O|  |TAMS 0x0000000086100000, 0x0000000086100000| Untracked 
|  29|0x0000000086100000, 0x0000000086200000, 0x0000000086200000|100%| O|  |TAMS 0x0000000086200000, 0x0000000086200000| Untracked 
|  30|0x0000000086200000, 0x0000000086300000, 0x0000000086300000|100%| O|  |TAMS 0x0000000086300000, 0x0000000086300000| Untracked 
|  31|0x0000000086300000, 0x0000000086400000, 0x0000000086400000|100%| O|  |TAMS 0x0000000086400000, 0x0000000086400000| Untracked 
|  32|0x0000000086400000, 0x00000000864df800, 0x0000000086500000| 87%| O|  |TAMS 0x00000000864df800, 0x00000000864df800| Untracked 
|  33|0x0000000086500000, 0x0000000086600000, 0x0000000086600000|100%| O|  |TAMS 0x0000000086600000, 0x0000000086600000| Untracked 
|  34|0x0000000086600000, 0x0000000086700000, 0x0000000086700000|100%| O|  |TAMS 0x0000000086700000, 0x0000000086700000| Untracked 
|  35|0x0000000086700000, 0x0000000086800000, 0x0000000086800000|100%| O|  |TAMS 0x0000000086800000, 0x0000000086800000| Untracked 
|  36|0x0000000086800000, 0x0000000086900000, 0x0000000086900000|100%| O|  |TAMS 0x0000000086900000, 0x0000000086900000| Untracked 
|  37|0x0000000086900000, 0x0000000086900000, 0x0000000086a00000|  0%| F|  |TAMS 0x0000000086900000, 0x0000000086900000| Untracked 
|  38|0x0000000086a00000, 0x0000000086b00000, 0x0000000086b00000|100%| O|  |TAMS 0x0000000086b00000, 0x0000000086b00000| Untracked 
|  39|0x0000000086b00000, 0x0000000086c00000, 0x0000000086c00000|100%| O|  |TAMS 0x0000000086c00000, 0x0000000086c00000| Untracked 
|  40|0x0000000086c00000, 0x0000000086d00000, 0x0000000086d00000|100%| O|  |TAMS 0x0000000086d00000, 0x0000000086d00000| Untracked 
|  41|0x0000000086d00000, 0x0000000086e00000, 0x0000000086e00000|100%| O|  |TAMS 0x0000000086e00000, 0x0000000086e00000| Untracked 
|  42|0x0000000086e00000, 0x0000000086f00000, 0x0000000086f00000|100%| O|  |TAMS 0x0000000086f00000, 0x0000000086f00000| Untracked 
|  43|0x0000000086f00000, 0x0000000087000000, 0x0000000087000000|100%| O|  |TAMS 0x0000000087000000, 0x0000000087000000| Untracked 
|  44|0x0000000087000000, 0x0000000087100000, 0x0000000087100000|100%| O|  |TAMS 0x0000000087100000, 0x0000000087100000| Untracked 
|  45|0x0000000087100000, 0x0000000087200000, 0x0000000087200000|100%| O|  |TAMS 0x0000000087200000, 0x0000000087200000| Untracked 
|  46|0x0000000087200000, 0x0000000087300000, 0x0000000087300000|100%| O|  |TAMS 0x0000000087300000, 0x0000000087300000| Untracked 
|  47|0x0000000087300000, 0x0000000087400000, 0x0000000087400000|100%| O|  |TAMS 0x0000000087366800, 0x0000000087400000| Untracked 
|  48|0x0000000087400000, 0x0000000087500000, 0x0000000087500000|100%| O|  |TAMS 0x0000000087400000, 0x0000000087500000| Untracked 
|  49|0x0000000087500000, 0x0000000087600000, 0x0000000087600000|100%| O|  |TAMS 0x0000000087500000, 0x0000000087600000| Untracked 
|  50|0x0000000087600000, 0x0000000087700000, 0x0000000087700000|100%| O|  |TAMS 0x0000000087600000, 0x0000000087700000| Untracked 
|  51|0x0000000087700000, 0x0000000087800000, 0x0000000087800000|100%| O|  |TAMS 0x0000000087700000, 0x0000000087800000| Untracked 
|  52|0x0000000087800000, 0x0000000087900000, 0x0000000087900000|100%| O|  |TAMS 0x0000000087800000, 0x0000000087900000| Untracked 
|  53|0x0000000087900000, 0x0000000087a00000, 0x0000000087a00000|100%| O|  |TAMS 0x0000000087900000, 0x0000000087a00000| Untracked 
|  54|0x0000000087a00000, 0x0000000087b00000, 0x0000000087b00000|100%| O|  |TAMS 0x0000000087a00000, 0x0000000087b00000| Untracked 
|  55|0x0000000087b00000, 0x0000000087c00000, 0x0000000087c00000|100%| O|  |TAMS 0x0000000087b00000, 0x0000000087c00000| Untracked 
|  56|0x0000000087c00000, 0x0000000087d00000, 0x0000000087d00000|100%| O|  |TAMS 0x0000000087c00000, 0x0000000087d00000| Untracked 
|  57|0x0000000087d00000, 0x0000000087e00000, 0x0000000087e00000|100%| O|  |TAMS 0x0000000087d00000, 0x0000000087e00000| Untracked 
|  58|0x0000000087e00000, 0x0000000087f00000, 0x0000000087f00000|100%| O|  |TAMS 0x0000000087e00000, 0x0000000087f00000| Untracked 
|  59|0x0000000087f00000, 0x0000000088000000, 0x0000000088000000|100%| O|  |TAMS 0x0000000087f00000, 0x0000000088000000| Untracked 
|  60|0x0000000088000000, 0x0000000088100000, 0x0000000088100000|100%| O|  |TAMS 0x0000000088000000, 0x0000000088100000| Untracked 
|  61|0x0000000088100000, 0x00000000881a2200, 0x0000000088200000| 63%| O|  |TAMS 0x0000000088100000, 0x00000000881a2200| Untracked 
|  62|0x0000000088200000, 0x0000000088300000, 0x0000000088300000|100%|HS|  |TAMS 0x0000000088200000, 0x0000000088300000| Complete 
|  63|0x0000000088300000, 0x0000000088400000, 0x0000000088400000|100%|HC|  |TAMS 0x0000000088300000, 0x0000000088400000| Complete 
|  64|0x0000000088400000, 0x0000000088500000, 0x0000000088500000|100%|HS|  |TAMS 0x0000000088400000, 0x0000000088400000| Complete 
|  65|0x0000000088500000, 0x0000000088600000, 0x0000000088600000|100%|HC|  |TAMS 0x0000000088500000, 0x0000000088500000| Complete 
|  66|0x0000000088600000, 0x0000000088600000, 0x0000000088700000|  0%| F|  |TAMS 0x0000000088600000, 0x0000000088600000| Untracked 
|  67|0x0000000088700000, 0x0000000088700000, 0x0000000088800000|  0%| F|  |TAMS 0x0000000088700000, 0x0000000088700000| Untracked 
|  68|0x0000000088800000, 0x0000000088800000, 0x0000000088900000|  0%| F|  |TAMS 0x0000000088800000, 0x0000000088800000| Untracked 
|  69|0x0000000088900000, 0x0000000088900000, 0x0000000088a00000|  0%| F|  |TAMS 0x0000000088900000, 0x0000000088900000| Untracked 
|  70|0x0000000088a00000, 0x0000000088a00000, 0x0000000088b00000|  0%| F|  |TAMS 0x0000000088a00000, 0x0000000088a00000| Untracked 
|  71|0x0000000088b00000, 0x0000000088b00000, 0x0000000088c00000|  0%| F|  |TAMS 0x0000000088b00000, 0x0000000088b00000| Untracked 
|  72|0x0000000088c00000, 0x0000000088c00000, 0x0000000088d00000|  0%| F|  |TAMS 0x0000000088c00000, 0x0000000088c00000| Untracked 
|  73|0x0000000088d00000, 0x0000000088d00000, 0x0000000088e00000|  0%| F|  |TAMS 0x0000000088d00000, 0x0000000088d00000| Untracked 
|  74|0x0000000088e00000, 0x0000000088e00000, 0x0000000088f00000|  0%| F|  |TAMS 0x0000000088e00000, 0x0000000088e00000| Untracked 
|  75|0x0000000088f00000, 0x0000000088f00000, 0x0000000089000000|  0%| F|  |TAMS 0x0000000088f00000, 0x0000000088f00000| Untracked 
|  76|0x0000000089000000, 0x0000000089000000, 0x0000000089100000|  0%| F|  |TAMS 0x0000000089000000, 0x0000000089000000| Untracked 
|  77|0x0000000089100000, 0x0000000089100000, 0x0000000089200000|  0%| F|  |TAMS 0x0000000089100000, 0x0000000089100000| Untracked 
|  78|0x0000000089200000, 0x0000000089200000, 0x0000000089300000|  0%| F|  |TAMS 0x0000000089200000, 0x0000000089200000| Untracked 
|  79|0x0000000089300000, 0x0000000089300000, 0x0000000089400000|  0%| F|  |TAMS 0x0000000089300000, 0x0000000089300000| Untracked 
|  80|0x0000000089400000, 0x0000000089400000, 0x0000000089500000|  0%| F|  |TAMS 0x0000000089400000, 0x0000000089400000| Untracked 
|  81|0x0000000089500000, 0x0000000089500000, 0x0000000089600000|  0%| F|  |TAMS 0x0000000089500000, 0x0000000089500000| Untracked 
|  82|0x0000000089600000, 0x0000000089600000, 0x0000000089700000|  0%| F|  |TAMS 0x0000000089600000, 0x0000000089600000| Untracked 
|  83|0x0000000089700000, 0x0000000089700000, 0x0000000089800000|  0%| F|  |TAMS 0x0000000089700000, 0x0000000089700000| Untracked 
|  84|0x0000000089800000, 0x0000000089800000, 0x0000000089900000|  0%| F|  |TAMS 0x0000000089800000, 0x0000000089800000| Untracked 
|  85|0x0000000089900000, 0x0000000089900000, 0x0000000089a00000|  0%| F|  |TAMS 0x0000000089900000, 0x0000000089900000| Untracked 
|  86|0x0000000089a00000, 0x0000000089a00000, 0x0000000089b00000|  0%| F|  |TAMS 0x0000000089a00000, 0x0000000089a00000| Untracked 
|  87|0x0000000089b00000, 0x0000000089b00000, 0x0000000089c00000|  0%| F|  |TAMS 0x0000000089b00000, 0x0000000089b00000| Untracked 
|  88|0x0000000089c00000, 0x0000000089c00000, 0x0000000089d00000|  0%| F|  |TAMS 0x0000000089c00000, 0x0000000089c00000| Untracked 
|  89|0x0000000089d00000, 0x0000000089d00000, 0x0000000089e00000|  0%| F|  |TAMS 0x0000000089d00000, 0x0000000089d00000| Untracked 
|  90|0x0000000089e00000, 0x0000000089e00000, 0x0000000089f00000|  0%| F|  |TAMS 0x0000000089e00000, 0x0000000089e00000| Untracked 
|  91|0x0000000089f00000, 0x0000000089f00000, 0x000000008a000000|  0%| F|  |TAMS 0x0000000089f00000, 0x0000000089f00000| Untracked 
|  92|0x000000008a000000, 0x000000008a000000, 0x000000008a100000|  0%| F|  |TAMS 0x000000008a000000, 0x000000008a000000| Untracked 
|  93|0x000000008a100000, 0x000000008a100000, 0x000000008a200000|  0%| F|  |TAMS 0x000000008a100000, 0x000000008a100000| Untracked 
|  94|0x000000008a200000, 0x000000008a200000, 0x000000008a300000|  0%| F|  |TAMS 0x000000008a200000, 0x000000008a200000| Untracked 
|  95|0x000000008a300000, 0x000000008a300000, 0x000000008a400000|  0%| F|  |TAMS 0x000000008a300000, 0x000000008a300000| Untracked 
|  96|0x000000008a400000, 0x000000008a400000, 0x000000008a500000|  0%| F|  |TAMS 0x000000008a400000, 0x000000008a400000| Untracked 
|  97|0x000000008a500000, 0x000000008a500000, 0x000000008a600000|  0%| F|  |TAMS 0x000000008a500000, 0x000000008a500000| Untracked 
|  98|0x000000008a600000, 0x000000008a600000, 0x000000008a700000|  0%| F|  |TAMS 0x000000008a600000, 0x000000008a600000| Untracked 
|  99|0x000000008a700000, 0x000000008a700000, 0x000000008a800000|  0%| F|  |TAMS 0x000000008a700000, 0x000000008a700000| Untracked 
| 100|0x000000008a800000, 0x000000008a800000, 0x000000008a900000|  0%| F|  |TAMS 0x000000008a800000, 0x000000008a800000| Untracked 
| 101|0x000000008a900000, 0x000000008a900000, 0x000000008aa00000|  0%| F|  |TAMS 0x000000008a900000, 0x000000008a900000| Untracked 
| 102|0x000000008aa00000, 0x000000008aa00000, 0x000000008ab00000|  0%| F|  |TAMS 0x000000008aa00000, 0x000000008aa00000| Untracked 
| 103|0x000000008ab00000, 0x000000008ab00000, 0x000000008ac00000|  0%| F|  |TAMS 0x000000008ab00000, 0x000000008ab00000| Untracked 
| 104|0x000000008ac00000, 0x000000008ac00000, 0x000000008ad00000|  0%| F|  |TAMS 0x000000008ac00000, 0x000000008ac00000| Untracked 
| 105|0x000000008ad00000, 0x000000008ad00000, 0x000000008ae00000|  0%| F|  |TAMS 0x000000008ad00000, 0x000000008ad00000| Untracked 
| 106|0x000000008ae00000, 0x000000008ae00000, 0x000000008af00000|  0%| F|  |TAMS 0x000000008ae00000, 0x000000008ae00000| Untracked 
| 107|0x000000008af00000, 0x000000008af00000, 0x000000008b000000|  0%| F|  |TAMS 0x000000008af00000, 0x000000008af00000| Untracked 
| 108|0x000000008b000000, 0x000000008b000000, 0x000000008b100000|  0%| F|  |TAMS 0x000000008b000000, 0x000000008b000000| Untracked 
| 109|0x000000008b100000, 0x000000008b100000, 0x000000008b200000|  0%| F|  |TAMS 0x000000008b100000, 0x000000008b100000| Untracked 
| 110|0x000000008b200000, 0x000000008b200000, 0x000000008b300000|  0%| F|  |TAMS 0x000000008b200000, 0x000000008b200000| Untracked 
| 111|0x000000008b300000, 0x000000008b300000, 0x000000008b400000|  0%| F|  |TAMS 0x000000008b300000, 0x000000008b300000| Untracked 
| 112|0x000000008b400000, 0x000000008b400000, 0x000000008b500000|  0%| F|  |TAMS 0x000000008b400000, 0x000000008b400000| Untracked 
| 113|0x000000008b500000, 0x000000008b500000, 0x000000008b600000|  0%| F|  |TAMS 0x000000008b500000, 0x000000008b500000| Untracked 
| 114|0x000000008b600000, 0x000000008b600000, 0x000000008b700000|  0%| F|  |TAMS 0x000000008b600000, 0x000000008b600000| Untracked 
| 115|0x000000008b700000, 0x000000008b700000, 0x000000008b800000|  0%| F|  |TAMS 0x000000008b700000, 0x000000008b700000| Untracked 
| 116|0x000000008b800000, 0x000000008b800000, 0x000000008b900000|  0%| F|  |TAMS 0x000000008b800000, 0x000000008b800000| Untracked 
| 117|0x000000008b900000, 0x000000008b900000, 0x000000008ba00000|  0%| F|  |TAMS 0x000000008b900000, 0x000000008b900000| Untracked 
| 118|0x000000008ba00000, 0x000000008ba00000, 0x000000008bb00000|  0%| F|  |TAMS 0x000000008ba00000, 0x000000008ba00000| Untracked 
| 119|0x000000008bb00000, 0x000000008bb00000, 0x000000008bc00000|  0%| F|  |TAMS 0x000000008bb00000, 0x000000008bb00000| Untracked 
| 120|0x000000008bc00000, 0x000000008bc00000, 0x000000008bd00000|  0%| F|  |TAMS 0x000000008bc00000, 0x000000008bc00000| Untracked 
| 121|0x000000008bd00000, 0x000000008be00000, 0x000000008be00000|100%| E|  |TAMS 0x000000008bd00000, 0x000000008bd00000| Complete 
| 122|0x000000008be00000, 0x000000008bf00000, 0x000000008bf00000|100%| E|CS|TAMS 0x000000008be00000, 0x000000008be00000| Complete 
| 123|0x000000008bf00000, 0x000000008c000000, 0x000000008c000000|100%| E|CS|TAMS 0x000000008bf00000, 0x000000008bf00000| Complete 
| 124|0x000000008c000000, 0x000000008c100000, 0x000000008c100000|100%| E|CS|TAMS 0x000000008c000000, 0x000000008c000000| Complete 
| 125|0x000000008c100000, 0x000000008c200000, 0x000000008c200000|100%| E|CS|TAMS 0x000000008c100000, 0x000000008c100000| Complete 
| 126|0x000000008c200000, 0x000000008c300000, 0x000000008c300000|100%| E|CS|TAMS 0x000000008c200000, 0x000000008c200000| Complete 
| 127|0x000000008c300000, 0x000000008c400000, 0x000000008c400000|100%| E|CS|TAMS 0x000000008c300000, 0x000000008c300000| Complete 
| 128|0x000000008c400000, 0x000000008c500000, 0x000000008c500000|100%| E|CS|TAMS 0x000000008c400000, 0x000000008c400000| Complete 
| 129|0x000000008c500000, 0x000000008c600000, 0x000000008c600000|100%| E|CS|TAMS 0x000000008c500000, 0x000000008c500000| Complete 
| 130|0x000000008c600000, 0x000000008c700000, 0x000000008c700000|100%| E|CS|TAMS 0x000000008c600000, 0x000000008c600000| Complete 
| 135|0x000000008cb00000, 0x000000008cc00000, 0x000000008cc00000|100%| E|CS|TAMS 0x000000008cb00000, 0x000000008cb00000| Complete 
| 136|0x000000008cc00000, 0x000000008cd00000, 0x000000008cd00000|100%| E|CS|TAMS 0x000000008cc00000, 0x000000008cc00000| Complete 
| 137|0x000000008cd00000, 0x000000008ce00000, 0x000000008ce00000|100%| E|CS|TAMS 0x000000008cd00000, 0x000000008cd00000| Complete 
| 138|0x000000008ce00000, 0x000000008cf00000, 0x000000008cf00000|100%| E|CS|TAMS 0x000000008ce00000, 0x000000008ce00000| Complete 
| 139|0x000000008cf00000, 0x000000008d000000, 0x000000008d000000|100%| E|CS|TAMS 0x000000008cf00000, 0x000000008cf00000| Complete 
| 140|0x000000008d000000, 0x000000008d0ef290, 0x000000008d100000| 93%| S|CS|TAMS 0x000000008d000000, 0x000000008d000000| Complete 
| 141|0x000000008d100000, 0x000000008d200000, 0x000000008d200000|100%| S|CS|TAMS 0x000000008d100000, 0x000000008d100000| Complete 
| 142|0x000000008d200000, 0x000000008d300000, 0x000000008d300000|100%| E|CS|TAMS 0x000000008d200000, 0x000000008d200000| Complete 
| 158|0x000000008e200000, 0x000000008e300000, 0x000000008e300000|100%| E|CS|TAMS 0x000000008e200000, 0x000000008e200000| Complete 

Card table byte_map: [0x000001eb293a0000,0x000001eb29780000] _byte_map_base: 0x000001eb28f7e000

Marking Bits (Prev, Next): (CMBitMap*) 0x000001eb124e7ba0, (CMBitMap*) 0x000001eb124e7be0
 Prev Bits: [0x000001eb29b60000, 0x000001eb2ba50000)
 Next Bits: [0x000001eb2ba50000, 0x000001eb2d940000)

Polling page: 0x000001eb10410000

Metaspace:

Usage:
  Non-class:     41.89 MB used.
      Class:      5.26 MB used.
       Both:     47.15 MB used.

Virtual space:
  Non-class space:       48.00 MB reserved,      42.25 MB ( 88%) committed,  6 nodes.
      Class space:        1.00 GB reserved,       5.56 MB ( <1%) committed,  1 nodes.
             Both:        1.05 GB reserved,      47.81 MB (  4%) committed. 

Chunk freelists:
   Non-Class:  1.56 MB
       Class:  2.49 MB
        Both:  4.05 MB

MaxMetaspaceSize: unlimited
CompressedClassSpaceSize: 1.00 GB
Initial GC threshold: 21.00 MB
Current GC threshold: 58.88 MB
CDS: on
MetaspaceReclaimPolicy: balanced
 - commit_granule_bytes: 65536.
 - commit_granule_words: 8192.
 - virtual_space_node_default_size: 1048576.
 - enlarge_chunks_in_place: 1.
 - new_chunks_are_fully_committed: 0.
 - uncommit_free_chunks: 1.
 - use_allocation_guard: 0.
 - handle_deallocations: 1.


Internal statistics:

num_allocs_failed_limit: 6.
num_arena_births: 634.
num_arena_deaths: 44.
num_vsnodes_births: 7.
num_vsnodes_deaths: 0.
num_space_committed: 764.
num_space_uncommitted: 0.
num_chunks_returned_to_freelist: 56.
num_chunks_taken_from_freelist: 2214.
num_chunk_merges: 17.
num_chunk_splits: 1403.
num_chunks_enlarged: 889.
num_purges: 4.
num_inconsistent_stats: 0.

CodeHeap 'non-profiled nmethods': size=120000Kb used=7661Kb max_used=7661Kb free=112338Kb
 bounds [0x000001eb21760000, 0x000001eb21ee0000, 0x000001eb28c90000]
CodeHeap 'profiled nmethods': size=120000Kb used=14772Kb max_used=14772Kb free=105227Kb
 bounds [0x000001eb1a230000, 0x000001eb1b0b0000, 0x000001eb21760000]
CodeHeap 'non-nmethods': size=5760Kb used=2415Kb max_used=2457Kb free=3344Kb
 bounds [0x000001eb19c90000, 0x000001eb19f00000, 0x000001eb1a230000]
 total_blobs=8689 nmethods=7757 adapters=844
 compilation: enabled
              stopped_count=0, restarted_count=0
 full_count=0

Compilation events (20 events):
Event: 3766.201 Thread 0x000001eb3038ba70 nmethod 9788 0x000001eb21ed4810 code [0x000001eb21ed4a40, 0x000001eb21ed6328]
Event: 3766.201 Thread 0x000001eb3038ba70 9789       4       org.jsoup.parser.CharacterReader::isEmptyNoBufferUp (17 bytes)
Event: 3766.201 Thread 0x000001eb3038ba70 nmethod 9789 0x000001eb21ed7110 code [0x000001eb21ed7280, 0x000001eb21ed7318]
Event: 3766.201 Thread 0x000001eb3038ba70 9803       4       java.util.Calendar::getDisplayNamesImpl (84 bytes)
Event: 3766.208 Thread 0x000001eb3038cd20 9808       3       java.text.DateFormat::isLenient (8 bytes)
Event: 3766.209 Thread 0x000001eb3038cd20 nmethod 9808 0x000001eb1b09be10 code [0x000001eb1b09bfa0, 0x000001eb1b09c158]
Event: 3766.211 Thread 0x000001eb3038cd20 9810       2       sun.util.locale.provider.LocaleServiceProviderPool::getPool (48 bytes)
Event: 3766.212 Thread 0x000001eb3038cd20 nmethod 9810 0x000001eb1b09c210 code [0x000001eb1b09c3e0, 0x000001eb1b09c758]
Event: 3766.213 Thread 0x000001eb3038ba70 nmethod 9803 0x000001eb21ed7410 code [0x000001eb21ed7600, 0x000001eb21ed7c50]
Event: 3766.213 Thread 0x000001eb3038ba70 9806       4       org.jsoup.nodes.Entities::escape (393 bytes)
Event: 3766.218 Thread 0x000001eb3038cd20 9812       3       org.jsoup.nodes.Element::html (34 bytes)
Event: 3766.219 Thread 0x000001eb3038cd20 nmethod 9812 0x000001eb1b09c890 code [0x000001eb1b09cae0, 0x000001eb1b09d548]
Event: 3766.224 Thread 0x000001eb3038cd20 9815       3       java.text.DateFormat::parse (61 bytes)
Event: 3766.224 Thread 0x000001eb3038cd20 nmethod 9815 0x000001eb1b09d810 code [0x000001eb1b09da80, 0x000001eb1b09e398]
Event: 3766.272 Thread 0x000001eb3038ba70 nmethod 9806 0x000001eb21ed8290 code [0x000001eb21ed8520, 0x000001eb21eda370]
Event: 3766.272 Thread 0x000001eb3038ba70 9804   !   4       java.text.SimpleDateFormat::subParse (1841 bytes)
Event: 3766.272 Thread 0x000001eb3038cd20 9819       3       com.aventstack.extentreports.model.Test::<init> (55 bytes)
Event: 3766.273 Thread 0x000001eb3038cd20 nmethod 9819 0x000001eb1b09e710 code [0x000001eb1b09e940, 0x000001eb1b09f148]
Event: 3766.273 Thread 0x000001eb3038cd20 9820       3       com.aventstack.extentreports.model.Test::setName (18 bytes)
Event: 3766.273 Thread 0x000001eb3038cd20 nmethod 9820 0x000001eb1b09f410 code [0x000001eb1b09f5a0, 0x000001eb1b09f798]

GC Heap History (20 events):
Event: 3494.535 GC heap before
{Heap before GC invocations=101 (full 0):
 garbage-first heap   total 143360K, used 114498K [0x0000000084400000, 0x0000000100000000)
  region size 1024K, 53 young (54272K), 3 survivors (3072K)
 Metaspace       used 48193K, committed 48896K, reserved 1097728K
  class space    used 5382K, committed 5696K, reserved 1048576K
}
Event: 3494.536 GC heap after
{Heap after GC invocations=102 (full 0):
 garbage-first heap   total 143360K, used 64070K [0x0000000084400000, 0x0000000100000000)
  region size 1024K, 3 young (3072K), 3 survivors (3072K)
 Metaspace       used 48193K, committed 48896K, reserved 1097728K
  class space    used 5382K, committed 5696K, reserved 1048576K
}
Event: 3517.556 GC heap before
{Heap before GC invocations=102 (full 0):
 garbage-first heap   total 143360K, used 116294K [0x0000000084400000, 0x0000000100000000)
  region size 1024K, 55 young (56320K), 3 survivors (3072K)
 Metaspace       used 48193K, committed 48896K, reserved 1097728K
  class space    used 5382K, committed 5696K, reserved 1048576K
}
Event: 3517.557 GC heap after
{Heap after GC invocations=103 (full 0):
 garbage-first heap   total 143360K, used 63968K [0x0000000084400000, 0x0000000100000000)
  region size 1024K, 2 young (2048K), 2 survivors (2048K)
 Metaspace       used 48193K, committed 48896K, reserved 1097728K
  class space    used 5382K, committed 5696K, reserved 1048576K
}
Event: 3528.595 GC heap before
{Heap before GC invocations=103 (full 0):
 garbage-first heap   total 143360K, used 119264K [0x0000000084400000, 0x0000000100000000)
  region size 1024K, 57 young (58368K), 2 survivors (2048K)
 Metaspace       used 48195K, committed 48896K, reserved 1097728K
  class space    used 5382K, committed 5696K, reserved 1048576K
}
Event: 3528.596 GC heap after
{Heap after GC invocations=104 (full 0):
 garbage-first heap   total 143360K, used 64119K [0x0000000084400000, 0x0000000100000000)
  region size 1024K, 3 young (3072K), 3 survivors (3072K)
 Metaspace       used 48195K, committed 48896K, reserved 1097728K
  class space    used 5382K, committed 5696K, reserved 1048576K
}
Event: 3606.188 GC heap before
{Heap before GC invocations=104 (full 0):
 garbage-first heap   total 143360K, used 119415K [0x0000000084400000, 0x0000000100000000)
  region size 1024K, 58 young (59392K), 3 survivors (3072K)
 Metaspace       used 48205K, committed 48960K, reserved 1097728K
  class space    used 5382K, committed 5696K, reserved 1048576K
}
Event: 3606.190 GC heap after
{Heap after GC invocations=105 (full 0):
 garbage-first heap   total 143360K, used 64185K [0x0000000084400000, 0x0000000100000000)
  region size 1024K, 3 young (3072K), 3 survivors (3072K)
 Metaspace       used 48205K, committed 48960K, reserved 1097728K
  class space    used 5382K, committed 5696K, reserved 1048576K
}
Event: 3750.851 GC heap before
{Heap before GC invocations=105 (full 0):
 garbage-first heap   total 143360K, used 120505K [0x0000000084400000, 0x0000000100000000)
  region size 1024K, 59 young (60416K), 3 survivors (3072K)
 Metaspace       used 48217K, committed 48960K, reserved 1097728K
  class space    used 5382K, committed 5696K, reserved 1048576K
}
Event: 3750.853 GC heap after
{Heap after GC invocations=106 (full 0):
 garbage-first heap   total 143360K, used 64946K [0x0000000084400000, 0x0000000100000000)
  region size 1024K, 3 young (3072K), 3 survivors (3072K)
 Metaspace       used 48217K, committed 48960K, reserved 1097728K
  class space    used 5382K, committed 5696K, reserved 1048576K
}
Event: 3760.089 GC heap before
{Heap before GC invocations=106 (full 0):
 garbage-first heap   total 143360K, used 122290K [0x0000000084400000, 0x0000000100000000)
  region size 1024K, 60 young (61440K), 3 survivors (3072K)
 Metaspace       used 48218K, committed 48960K, reserved 1097728K
  class space    used 5382K, committed 5696K, reserved 1048576K
}
Event: 3760.090 GC heap after
{Heap after GC invocations=107 (full 0):
 garbage-first heap   total 143360K, used 64125K [0x0000000084400000, 0x0000000100000000)
  region size 1024K, 3 young (3072K), 3 survivors (3072K)
 Metaspace       used 48218K, committed 48960K, reserved 1097728K
  class space    used 5382K, committed 5696K, reserved 1048576K
}
Event: 3765.587 GC heap before
{Heap before GC invocations=107 (full 0):
 garbage-first heap   total 143360K, used 84605K [0x0000000084400000, 0x0000000100000000)
  region size 1024K, 24 young (24576K), 3 survivors (3072K)
 Metaspace       used 48253K, committed 48960K, reserved 1097728K
  class space    used 5382K, committed 5696K, reserved 1048576K
}
Event: 3765.592 GC heap after
{Heap after GC invocations=108 (full 0):
 garbage-first heap   total 143360K, used 65232K [0x0000000084400000, 0x0000000100000000)
  region size 1024K, 3 young (3072K), 3 survivors (3072K)
 Metaspace       used 48253K, committed 48960K, reserved 1097728K
  class space    used 5382K, committed 5696K, reserved 1048576K
}
Event: 3765.615 GC heap before
{Heap before GC invocations=108 (full 0):
 garbage-first heap   total 143360K, used 68304K [0x0000000084400000, 0x0000000100000000)
  region size 1024K, 5 young (5120K), 3 survivors (3072K)
 Metaspace       used 48276K, committed 48960K, reserved 1097728K
  class space    used 5382K, committed 5696K, reserved 1048576K
}
Event: 3765.619 GC heap after
{Heap after GC invocations=109 (full 0):
 garbage-first heap   total 143360K, used 66421K [0x0000000084400000, 0x0000000100000000)
  region size 1024K, 3 young (3072K), 3 survivors (3072K)
 Metaspace       used 48276K, committed 48960K, reserved 1097728K
  class space    used 5382K, committed 5696K, reserved 1048576K
}
Event: 3765.978 GC heap before
{Heap before GC invocations=109 (full 0):
 garbage-first heap   total 143360K, used 68469K [0x0000000084400000, 0x0000000100000000)
  region size 1024K, 4 young (4096K), 3 survivors (3072K)
 Metaspace       used 48276K, committed 48960K, reserved 1097728K
  class space    used 5382K, committed 5696K, reserved 1048576K
}
Event: 3765.981 GC heap after
{Heap after GC invocations=110 (full 0):
 garbage-first heap   total 143360K, used 64006K [0x0000000084400000, 0x0000000100000000)
  region size 1024K, 2 young (2048K), 2 survivors (2048K)
 Metaspace       used 48276K, committed 48960K, reserved 1097728K
  class space    used 5382K, committed 5696K, reserved 1048576K
}
Event: 3765.982 GC heap before
{Heap before GC invocations=110 (full 0):
 garbage-first heap   total 143360K, used 66054K [0x0000000084400000, 0x0000000100000000)
  region size 1024K, 3 young (3072K), 2 survivors (2048K)
 Metaspace       used 48276K, committed 48960K, reserved 1097728K
  class space    used 5382K, committed 5696K, reserved 1048576K
}
Event: 3765.985 GC heap after
{Heap after GC invocations=111 (full 0):
 garbage-first heap   total 143360K, used 65987K [0x0000000084400000, 0x0000000100000000)
  region size 1024K, 2 young (2048K), 2 survivors (2048K)
 Metaspace       used 48276K, committed 48960K, reserved 1097728K
  class space    used 5382K, committed 5696K, reserved 1048576K
}

Deoptimization events (20 events):
Event: 3766.245 Thread 0x000001eb124a9890 DEOPT PACKING pc=0x000001eb1add31a0 sp=0x000000b2966fd0f0
Event: 3766.245 Thread 0x000001eb124a9890 DEOPT UNPACKING pc=0x000001eb19ce6763 sp=0x000000b2966fc5e0 mode 0
Event: 3766.248 Thread 0x000001eb124a9890 DEOPT PACKING pc=0x000001eb1add31a0 sp=0x000000b2966fd0f0
Event: 3766.248 Thread 0x000001eb124a9890 DEOPT UNPACKING pc=0x000001eb19ce6763 sp=0x000000b2966fc5e0 mode 0
Event: 3766.251 Thread 0x000001eb124a9890 DEOPT PACKING pc=0x000001eb1add31a0 sp=0x000000b2966fd0f0
Event: 3766.251 Thread 0x000001eb124a9890 DEOPT UNPACKING pc=0x000001eb19ce6763 sp=0x000000b2966fc5e0 mode 0
Event: 3766.256 Thread 0x000001eb124a9890 DEOPT PACKING pc=0x000001eb1add31a0 sp=0x000000b2966fd0f0
Event: 3766.256 Thread 0x000001eb124a9890 DEOPT UNPACKING pc=0x000001eb19ce6763 sp=0x000000b2966fc5e0 mode 0
Event: 3766.256 Thread 0x000001eb124a9890 DEOPT PACKING pc=0x000001eb1add31a0 sp=0x000000b2966fd0f0
Event: 3766.256 Thread 0x000001eb124a9890 DEOPT UNPACKING pc=0x000001eb19ce6763 sp=0x000000b2966fc5e0 mode 0
Event: 3766.258 Thread 0x000001eb124a9890 DEOPT PACKING pc=0x000001eb1add31a0 sp=0x000000b2966fd0f0
Event: 3766.258 Thread 0x000001eb124a9890 DEOPT UNPACKING pc=0x000001eb19ce6763 sp=0x000000b2966fc5e0 mode 0
Event: 3766.259 Thread 0x000001eb124a9890 DEOPT PACKING pc=0x000001eb1add31a0 sp=0x000000b2966fd0f0
Event: 3766.259 Thread 0x000001eb124a9890 DEOPT UNPACKING pc=0x000001eb19ce6763 sp=0x000000b2966fc5e0 mode 0
Event: 3766.261 Thread 0x000001eb124a9890 DEOPT PACKING pc=0x000001eb1add31a0 sp=0x000000b2966fd0f0
Event: 3766.261 Thread 0x000001eb124a9890 DEOPT UNPACKING pc=0x000001eb19ce6763 sp=0x000000b2966fc5e0 mode 0
Event: 3766.263 Thread 0x000001eb124a9890 DEOPT PACKING pc=0x000001eb1add31a0 sp=0x000000b2966fd0f0
Event: 3766.263 Thread 0x000001eb124a9890 DEOPT UNPACKING pc=0x000001eb19ce6763 sp=0x000000b2966fc5e0 mode 0
Event: 3766.271 Thread 0x000001eb124a9890 DEOPT PACKING pc=0x000001eb1add31a0 sp=0x000000b2966fd0f0
Event: 3766.271 Thread 0x000001eb124a9890 DEOPT UNPACKING pc=0x000001eb19ce6763 sp=0x000000b2966fc5e0 mode 0

Classes unloaded (20 events):
Event: 3363.825 Thread 0x000001eb3036c120 Unloading class 0x0000000800e1e800 'java/lang/invoke/LambdaForm$MH+0x0000000800e1e800'
Event: 3363.825 Thread 0x000001eb3036c120 Unloading class 0x0000000800e1e400 'java/lang/invoke/LambdaForm$MH+0x0000000800e1e400'
Event: 3363.825 Thread 0x000001eb3036c120 Unloading class 0x0000000800e1dc00 'java/lang/invoke/LambdaForm$MH+0x0000000800e1dc00'
Event: 3363.825 Thread 0x000001eb3036c120 Unloading class 0x0000000800dd9400 'java/lang/invoke/LambdaForm$MH+0x0000000800dd9400'
Event: 3363.825 Thread 0x000001eb3036c120 Unloading class 0x0000000800dd9000 'java/lang/invoke/LambdaForm$MH+0x0000000800dd9000'
Event: 3363.825 Thread 0x000001eb3036c120 Unloading class 0x0000000800dd8c00 'java/lang/invoke/LambdaForm$MH+0x0000000800dd8c00'
Event: 3363.825 Thread 0x000001eb3036c120 Unloading class 0x0000000800dd8800 'java/lang/invoke/LambdaForm$MH+0x0000000800dd8800'
Event: 3363.825 Thread 0x000001eb3036c120 Unloading class 0x0000000800d1b000 'jdk/internal/reflect/GeneratedConstructorAccessor8'
Event: 3363.825 Thread 0x000001eb3036c120 Unloading class 0x0000000800d1a800 'jdk/internal/reflect/GeneratedConstructorAccessor6'
Event: 3363.825 Thread 0x000001eb3036c120 Unloading class 0x0000000800d1a400 'jdk/internal/reflect/GeneratedConstructorAccessor5'
Event: 3363.826 Thread 0x000001eb3036c120 Unloading class 0x0000000800d1a000 'jdk/internal/reflect/GeneratedConstructorAccessor4'
Event: 3363.826 Thread 0x000001eb3036c120 Unloading class 0x0000000800c18400 'java/lang/invoke/LambdaForm$DMH+0x0000000800c18400'
Event: 3363.826 Thread 0x000001eb3036c120 Unloading class 0x0000000800c17400 'java/lang/invoke/LambdaForm$DMH+0x0000000800c17400'
Event: 3363.826 Thread 0x000001eb3036c120 Unloading class 0x0000000800c16c00 'java/lang/invoke/LambdaForm$MH+0x0000000800c16c00'
Event: 3363.826 Thread 0x000001eb3036c120 Unloading class 0x0000000800c16400 'java/lang/invoke/LambdaForm$MH+0x0000000800c16400'
Event: 3363.826 Thread 0x000001eb3036c120 Unloading class 0x0000000800c16000 'java/lang/invoke/LambdaForm$MH+0x0000000800c16000'
Event: 3363.826 Thread 0x000001eb3036c120 Unloading class 0x0000000800c15c00 'java/lang/invoke/LambdaForm$MH+0x0000000800c15c00'
Event: 3363.826 Thread 0x000001eb3036c120 Unloading class 0x0000000800c15400 'java/lang/invoke/LambdaForm$MH+0x0000000800c15400'
Event: 3363.826 Thread 0x000001eb3036c120 Unloading class 0x0000000800c15000 'java/lang/invoke/LambdaForm$MH+0x0000000800c15000'
Event: 3363.826 Thread 0x000001eb3036c120 Unloading class 0x0000000800c14c00 'java/lang/invoke/LambdaForm$MH+0x0000000800c14c00'

Classes redefined (0 events):
No events

Internal exceptions (20 events):
Event: 3419.715 Thread 0x000001eb315950e0 Exception <a 'java/lang/ClassNotFoundException'{0x000000008b7b9ff0}: Script1BeanInfo> (0x000000008b7b9ff0) 
thrown [t:\workspace\open\src\hotspot\share\classfile\systemDictionary.cpp, line 256]
Event: 3419.715 Thread 0x000001eb315950e0 Exception <a 'java/lang/ClassNotFoundException'{0x000000008b7beec8}: Script1Customizer> (0x000000008b7beec8) 
thrown [t:\workspace\open\src\hotspot\share\classfile\systemDictionary.cpp, line 256]
Event: 3419.719 Thread 0x000001eb315950e0 Exception <a 'java/lang/ClassNotFoundException'{0x000000008b606110}: Script1BeanInfo> (0x000000008b606110) 
thrown [t:\workspace\open\src\hotspot\share\classfile\systemDictionary.cpp, line 256]
Event: 3419.720 Thread 0x000001eb315950e0 Exception <a 'java/lang/ClassNotFoundException'{0x000000008b60afe8}: Script1Customizer> (0x000000008b60afe8) 
thrown [t:\workspace\open\src\hotspot\share\classfile\systemDictionary.cpp, line 256]
Event: 3448.571 Thread 0x000001eb3158f0a0 Exception <a 'java/io/IOException'{0x000000008ce6c750}> (0x000000008ce6c750) 
thrown [t:\workspace\open\src\hotspot\share\prims\jni.cpp, line 516]
Event: 3448.850 Thread 0x000001eb31592f30 Exception <a 'java/io/IOException'{0x000000008ce8c758}> (0x000000008ce8c758) 
thrown [t:\workspace\open\src\hotspot\share\prims\jni.cpp, line 516]
Event: 3449.125 Thread 0x000001eb31594270 Exception <a 'java/io/IOException'{0x000000008ceaf5a0}> (0x000000008ceaf5a0) 
thrown [t:\workspace\open\src\hotspot\share\prims\jni.cpp, line 516]
Event: 3601.658 Thread 0x000001eb315920c0 Exception <a 'java/io/IOException'{0x000000008abc47d8}> (0x000000008abc47d8) 
thrown [t:\workspace\open\src\hotspot\share\prims\jni.cpp, line 516]
Event: 3606.484 Thread 0x000001eb31591720 Exception <a 'java/io/IOException'{0x000000008d2000e8}> (0x000000008d2000e8) 
thrown [t:\workspace\open\src\hotspot\share\prims\jni.cpp, line 516]
Event: 3606.760 Thread 0x000001eb315908b0 Exception <a 'java/io/IOException'{0x000000008d224738}> (0x000000008d224738) 
thrown [t:\workspace\open\src\hotspot\share\prims\jni.cpp, line 516]
Event: 3607.031 Thread 0x000001eb31591250 Exception <a 'java/io/IOException'{0x000000008cf000e8}> (0x000000008cf000e8) 
thrown [t:\workspace\open\src\hotspot\share\prims\jni.cpp, line 516]
Event: 3655.929 Thread 0x000001eb3158ff10 Exception <a 'java/lang/reflect/InvocationTargetException'{0x000000008b632ec0}> (0x000000008b632ec0) 
thrown [t:\workspace\open\src\hotspot\share\runtime\reflection.cpp, line 1121]
Event: 3656.177 Thread 0x000001eb3158ff10 Exception <a 'java/lang/reflect/InvocationTargetException'{0x000000008b4d3410}> (0x000000008b4d3410) 
thrown [t:\workspace\open\src\hotspot\share\runtime\reflection.cpp, line 1121]
Event: 3744.745 Thread 0x000001eb315908b0 Exception <a 'java/io/IOException'{0x0000000089e7d4c0}> (0x0000000089e7d4c0) 
thrown [t:\workspace\open\src\hotspot\share\prims\jni.cpp, line 516]
Event: 3751.123 Thread 0x000001eb3158f570 Exception <a 'java/io/IOException'{0x000000008d161890}> (0x000000008d161890) 
thrown [t:\workspace\open\src\hotspot\share\prims\jni.cpp, line 516]
Event: 3751.422 Thread 0x000001eb31594c10 Exception <a 'java/io/IOException'{0x000000008d0f37b0}> (0x000000008d0f37b0) 
thrown [t:\workspace\open\src\hotspot\share\prims\jni.cpp, line 516]
Event: 3751.712 Thread 0x000001eb3158ff10 Exception <a 'java/io/IOException'{0x000000008cf000c0}> (0x000000008cf000c0) 
thrown [t:\workspace\open\src\hotspot\share\prims\jni.cpp, line 516]
Event: 3752.106 Thread 0x000001eb31592590 Exception <a 'java/io/IOException'{0x000000008cce5ee8}> (0x000000008cce5ee8) 
thrown [t:\workspace\open\src\hotspot\share\prims\jni.cpp, line 516]
Event: 3765.546 Thread 0x000001eb124a9890 Exception <a 'java/lang/NoClassDefFoundError'{0x000000008beaf8c8}: com/google/inject/Injector> (0x000000008beaf8c8) 
thrown [t:\workspace\open\src\hotspot\share\classfile\systemDictionary.cpp, line 245]
Event: 3765.977 Thread 0x000001eb124a9890 Exception <a 'java/lang/NoClassDefFoundError'{0x000000008e22bf60}: com/google/inject/Injector> (0x000000008e22bf60) 
thrown [t:\workspace\open\src\hotspot\share\classfile\systemDictionary.cpp, line 245]

VM Operations (20 events):
Event: 3657.398 Executing VM operation: Cleanup
Event: 3657.398 Executing VM operation: Cleanup done
Event: 3681.529 Executing VM operation: Cleanup
Event: 3681.529 Executing VM operation: Cleanup done
Event: 3750.851 Executing VM operation: G1CollectForAllocation
Event: 3750.853 Executing VM operation: G1CollectForAllocation done
Event: 3753.884 Executing VM operation: Cleanup
Event: 3753.884 Executing VM operation: Cleanup done
Event: 3759.936 Executing VM operation: Cleanup
Event: 3759.936 Executing VM operation: Cleanup done
Event: 3760.088 Executing VM operation: G1CollectForAllocation
Event: 3760.090 Executing VM operation: G1CollectForAllocation done
Event: 3765.586 Executing VM operation: G1TryInitiateConcMark
Event: 3765.592 Executing VM operation: G1TryInitiateConcMark done
Event: 3765.615 Executing VM operation: G1TryInitiateConcMark
Event: 3765.619 Executing VM operation: G1TryInitiateConcMark done
Event: 3765.978 Executing VM operation: G1TryInitiateConcMark
Event: 3765.981 Executing VM operation: G1TryInitiateConcMark done
Event: 3765.982 Executing VM operation: G1TryInitiateConcMark
Event: 3765.985 Executing VM operation: G1TryInitiateConcMark done

Events (20 events):
Event: 3593.386 Thread 0x000001eb31591720 Thread added: 0x000001eb31591720
Event: 3598.541 Thread 0x000001eb315920c0 Thread added: 0x000001eb315920c0
Event: 3601.658 Thread 0x000001eb315920c0 Thread exited: 0x000001eb315920c0
Event: 3606.484 Thread 0x000001eb31591720 Thread exited: 0x000001eb31591720
Event: 3606.760 Thread 0x000001eb315908b0 Thread exited: 0x000001eb315908b0
Event: 3607.031 Thread 0x000001eb31591250 Thread exited: 0x000001eb31591250
Event: 3656.178 Thread 0x000001eb3158ff10 Thread exited: 0x000001eb3158ff10
Event: 3656.178 Thread 0x000001eb3158ebd0 Thread added: 0x000001eb3158ebd0
Event: 3672.046 Thread 0x000001eb31594c10 Thread added: 0x000001eb31594c10
Event: 3680.775 Thread 0x000001eb3158f570 Thread added: 0x000001eb3158f570
Event: 3685.260 Thread 0x000001eb3158ff10 Thread added: 0x000001eb3158ff10
Event: 3736.918 Thread 0x000001eb31592590 Thread added: 0x000001eb31592590
Event: 3743.066 Thread 0x000001eb315908b0 Thread added: 0x000001eb315908b0
Event: 3744.745 Thread 0x000001eb315908b0 Thread exited: 0x000001eb315908b0
Event: 3751.123 Thread 0x000001eb3158f570 Thread exited: 0x000001eb3158f570
Event: 3751.423 Thread 0x000001eb31594c10 Thread exited: 0x000001eb31594c10
Event: 3751.712 Thread 0x000001eb3158ff10 Thread exited: 0x000001eb3158ff10
Event: 3752.106 Thread 0x000001eb31592590 Thread exited: 0x000001eb31592590
Event: 3765.544 Thread 0x000001eb3158ebd0 Thread exited: 0x000001eb3158ebd0
Event: 3765.545 Thread 0x000001eb315950e0 Thread exited: 0x000001eb315950e0


Dynamic libraries:
0x00007ff766e10000 - 0x00007ff766e1e000 	C:\Users\Dell\.jdks\openjdk-17.0.1\bin\java.exe
0x00007ff979020000 - 0x00007ff979229000 	C:\WINDOWS\SYSTEM32\ntdll.dll
0x00007ff977b40000 - 0x00007ff977bfd000 	C:\WINDOWS\System32\KERNEL32.DLL
0x00007ff9766a0000 - 0x00007ff976a19000 	C:\WINDOWS\System32\KERNELBASE.dll
0x00007ff976500000 - 0x00007ff976611000 	C:\WINDOWS\System32\ucrtbase.dll
0x00007ff96e890000 - 0x00007ff96e8a8000 	C:\Users\Dell\.jdks\openjdk-17.0.1\bin\jli.dll
0x00007ff96e870000 - 0x00007ff96e88a000 	C:\Users\Dell\.jdks\openjdk-17.0.1\bin\VCRUNTIME140.dll
0x00007ff978470000 - 0x00007ff97861c000 	C:\WINDOWS\System32\USER32.dll
0x00007ff94fbb0000 - 0x00007ff94fe55000 	C:\WINDOWS\WinSxS\amd64_microsoft.windows.common-controls_6595b64144ccf1df_6.0.22000.120_none_9d947278b86cc467\COMCTL32.dll
0x00007ff976ca0000 - 0x00007ff976cc6000 	C:\WINDOWS\System32\win32u.dll
0x00007ff978310000 - 0x00007ff9783b3000 	C:\WINDOWS\System32\msvcrt.dll
0x00007ff977490000 - 0x00007ff9774b9000 	C:\WINDOWS\System32\GDI32.dll
0x00007ff976b80000 - 0x00007ff976c92000 	C:\WINDOWS\System32\gdi32full.dll
0x00007ff976ae0000 - 0x00007ff976b7d000 	C:\WINDOWS\System32\msvcp_win.dll
0x00007ff977af0000 - 0x00007ff977b21000 	C:\WINDOWS\System32\IMM32.DLL
0x00007ff96e860000 - 0x00007ff96e86c000 	C:\Users\Dell\.jdks\openjdk-17.0.1\bin\vcruntime140_1.dll
0x00007ff960d40000 - 0x00007ff960dcd000 	C:\Users\Dell\.jdks\openjdk-17.0.1\bin\msvcp140.dll
0x00007ff925720000 - 0x00007ff9262de000 	C:\Users\Dell\.jdks\openjdk-17.0.1\bin\server\jvm.dll
0x00007ff977c00000 - 0x00007ff977cae000 	C:\WINDOWS\System32\ADVAPI32.dll
0x00007ff976ee0000 - 0x00007ff976f7e000 	C:\WINDOWS\System32\sechost.dll
0x00007ff977ed0000 - 0x00007ff977ff0000 	C:\WINDOWS\System32\RPCRT4.dll
0x00007ff977b30000 - 0x00007ff977b38000 	C:\WINDOWS\System32\PSAPI.DLL
0x00007ff952730000 - 0x00007ff952739000 	C:\WINDOWS\SYSTEM32\WSOCK32.dll
0x00007ff977cb0000 - 0x00007ff977d1f000 	C:\WINDOWS\System32\WS2_32.dll
0x00007ff973bd0000 - 0x00007ff973c03000 	C:\WINDOWS\SYSTEM32\WINMM.dll
0x00007ff96c8d0000 - 0x00007ff96c8da000 	C:\WINDOWS\SYSTEM32\VERSION.dll
0x00007ff9756c0000 - 0x00007ff9756d8000 	C:\WINDOWS\SYSTEM32\kernel.appcore.dll
0x00007ff96e850000 - 0x00007ff96e85a000 	C:\Users\Dell\.jdks\openjdk-17.0.1\bin\jimage.dll
0x00007ff973960000 - 0x00007ff973b81000 	C:\WINDOWS\SYSTEM32\DBGHELP.DLL
0x00007ff973b90000 - 0x00007ff973bc1000 	C:\WINDOWS\SYSTEM32\dbgcore.DLL
0x00007ff976620000 - 0x00007ff97669f000 	C:\WINDOWS\System32\bcryptPrimitives.dll
0x00007ff9607c0000 - 0x00007ff9607ce000 	C:\Users\Dell\.jdks\openjdk-17.0.1\bin\instrument.dll
0x00007ff96b0a0000 - 0x00007ff96b0c5000 	C:\Users\Dell\.jdks\openjdk-17.0.1\bin\java.dll
0x00007ff960430000 - 0x00007ff960506000 	C:\Users\Dell\.jdks\openjdk-17.0.1\bin\svml.dll
0x00007ff978620000 - 0x00007ff978dd8000 	C:\WINDOWS\System32\SHELL32.dll
0x00007ff974630000 - 0x00007ff974e97000 	C:\WINDOWS\SYSTEM32\windows.storage.dll
0x00007ff976f80000 - 0x00007ff9772f9000 	C:\WINDOWS\System32\combase.dll
0x00007ff9744c0000 - 0x00007ff974626000 	C:\WINDOWS\SYSTEM32\wintypes.dll
0x00007ff978010000 - 0x00007ff9780fa000 	C:\WINDOWS\System32\SHCORE.dll
0x00007ff977d20000 - 0x00007ff977d7d000 	C:\WINDOWS\System32\shlwapi.dll
0x00007ff976430000 - 0x00007ff976451000 	C:\WINDOWS\SYSTEM32\profapi.dll
0x00007ff961cb0000 - 0x00007ff961cc8000 	C:\Users\Dell\.jdks\openjdk-17.0.1\bin\zip.dll
0x00007ff96b080000 - 0x00007ff96b099000 	C:\Users\Dell\.jdks\openjdk-17.0.1\bin\net.dll
0x00007ff970e50000 - 0x00007ff970f5c000 	C:\WINDOWS\SYSTEM32\WINHTTP.dll
0x00007ff975b20000 - 0x00007ff975b87000 	C:\WINDOWS\system32\mswsock.dll
0x00007ff96b060000 - 0x00007ff96b075000 	C:\Users\Dell\.jdks\openjdk-17.0.1\bin\nio.dll
0x00007ff960410000 - 0x00007ff96042a000 	C:\Program Files\JetBrains\IntelliJ IDEA Community Edition 2021.2.3\bin\breakgen64.dll
0x00007ff975d60000 - 0x00007ff975d78000 	C:\WINDOWS\SYSTEM32\CRYPTSP.dll
0x00007ff975620000 - 0x00007ff975655000 	C:\WINDOWS\system32\rsaenh.dll
0x00007ff975c10000 - 0x00007ff975c39000 	C:\WINDOWS\SYSTEM32\USERENV.dll
0x00007ff975ee0000 - 0x00007ff975f07000 	C:\WINDOWS\SYSTEM32\bcrypt.dll
0x00007ff975d80000 - 0x00007ff975d8c000 	C:\WINDOWS\SYSTEM32\CRYPTBASE.dll
0x00007ff975140000 - 0x00007ff97516d000 	C:\WINDOWS\SYSTEM32\IPHLPAPI.DLL
0x00007ff977420000 - 0x00007ff977429000 	C:\WINDOWS\System32\NSI.dll
0x00007ff96d8d0000 - 0x00007ff96d8e9000 	C:\WINDOWS\SYSTEM32\dhcpcsvc6.DLL
0x00007ff96d8b0000 - 0x00007ff96d8ce000 	C:\WINDOWS\SYSTEM32\dhcpcsvc.DLL
0x00007ff975170000 - 0x00007ff975258000 	C:\WINDOWS\SYSTEM32\DNSAPI.dll
0x00007ff96b050000 - 0x00007ff96b060000 	C:\Users\Dell\.jdks\openjdk-17.0.1\bin\verify.dll
0x00007ff968500000 - 0x00007ff96850a000 	C:\Windows\System32\rasadhlp.dll
0x00007ff96cfb0000 - 0x00007ff96d031000 	C:\WINDOWS\System32\fwpuclnt.dll
0x00007ff938930000 - 0x00007ff938947000 	C:\WINDOWS\system32\napinsp.dll
0x00007ff930020000 - 0x00007ff93003b000 	C:\WINDOWS\system32\pnrpnsp.dll
0x00007ff92e900000 - 0x00007ff92e912000 	C:\WINDOWS\System32\winrnr.dll
0x00007ff96b180000 - 0x00007ff96b195000 	C:\WINDOWS\system32\wshbth.dll
0x00007ff92e8e0000 - 0x00007ff92e8ff000 	C:\WINDOWS\system32\nlansp_c.dll
0x00007ff964da0000 - 0x00007ff964da9000 	C:\Users\Dell\.jdks\openjdk-17.0.1\bin\management.dll
0x00007ff964d80000 - 0x00007ff964d8b000 	C:\Users\Dell\.jdks\openjdk-17.0.1\bin\management_ext.dll
0x00007ff93a270000 - 0x00007ff93a3fe000 	C:\Users\Dell\.jdks\openjdk-17.0.1\bin\awt.dll
0x00007ff977df0000 - 0x00007ff977ec6000 	C:\WINDOWS\System32\OLEAUT32.dll
0x00007ff9732c0000 - 0x00007ff973351000 	C:\WINDOWS\SYSTEM32\apphelp.dll
0x00007ff973610000 - 0x00007ff9736bc000 	C:\WINDOWS\system32\uxtheme.dll
0x00007ff977300000 - 0x00007ff97741e000 	C:\WINDOWS\System32\MSCTF.dll
0x00007ff978100000 - 0x00007ff97829a000 	C:\WINDOWS\System32\ole32.dll
0x00007ff972460000 - 0x00007ff972474000 	C:\WINDOWS\system32\Wtsapi32.dll
0x00007ff9750d0000 - 0x00007ff975133000 	C:\WINDOWS\SYSTEM32\WINSTA.dll
0x00007ff9733f0000 - 0x00007ff9734e7000 	C:\WINDOWS\SYSTEM32\PROPSYS.dll
0x00007ff976200000 - 0x00007ff97624c000 	C:\WINDOWS\SYSTEM32\CFGMGR32.dll
0x00007ff9783c0000 - 0x00007ff97846f000 	C:\WINDOWS\System32\clbcatq.dll
0x00007ff939990000 - 0x00007ff9399a8000 	C:\WINDOWS\system32\NetworkExplorer.dll
0x00007ff975910000 - 0x00007ff975952000 	C:\WINDOWS\system32\SspiCli.dll
0x00007ff96e2a0000 - 0x00007ff96e506000 	C:\Windows\System32\twinapi.appcore.dll
0x00007ff945380000 - 0x00007ff9453f7000 	C:\Windows\System32\Windows.FileExplorer.Common.dll
0x00007ff96c910000 - 0x00007ff96cbc3000 	C:\Windows\System32\iertutil.dll
0x00007ff95c8c0000 - 0x00007ff95c96e000 	C:\WINDOWS\SYSTEM32\TextShaping.dll
0x00007ff9631a0000 - 0x00007ff9632d4000 	C:\Windows\System32\Windows.StateRepositoryPS.dll
0x00007ff964fe0000 - 0x00007ff96501e000 	C:\WINDOWS\SYSTEM32\windows.staterepositoryclient.dll
0x00007ff93ce10000 - 0x00007ff93cebc000 	C:\Windows\System32\appresolver.dll
0x00007ff96f150000 - 0x00007ff96f2fe000 	C:\WINDOWS\system32\windowscodecs.dll
0x00007ff96c8e0000 - 0x00007ff96c908000 	C:\WINDOWS\system32\srvcli.dll
0x00007ff947cf0000 - 0x00007ff947d02000 	C:\WINDOWS\SYSTEM32\cscapi.dll
0x00007ff975270000 - 0x00007ff97527c000 	C:\WINDOWS\system32\netutils.dll
0x00007ff9609d0000 - 0x00007ff9609f9000 	C:\WINDOWS\System32\shacct.dll
0x00007ff965ab0000 - 0x00007ff965ada000 	C:\WINDOWS\System32\IDStore.dll
0x00007ff9722c0000 - 0x00007ff9722e7000 	C:\WINDOWS\System32\SAMLIB.dll
0x00007ff965a00000 - 0x00007ff965aa2000 	C:\WINDOWS\System32\wlidprov.dll
0x00007ff975bb0000 - 0x00007ff975bd4000 	C:\WINDOWS\SYSTEM32\gpapi.dll
0x00007ff964ae0000 - 0x00007ff964d61000 	C:\Windows\System32\msxml6.dll
0x00007ff96c860000 - 0x00007ff96c87b000 	C:\WINDOWS\SYSTEM32\windows.staterepositorycore.dll
0x00007ff96da80000 - 0x00007ff96e296000 	C:\Windows\System32\OneCoreUAPCommonProxyStub.dll
0x00007ff957ba0000 - 0x00007ff957c06000 	C:\Windows\System32\thumbcache.dll
0x00007ff939390000 - 0x00007ff9393b6000 	C:\WINDOWS\SYSTEM32\edputil.dll
0x00007ff940e90000 - 0x00007ff940ee9000 	C:\WINDOWS\SYSTEM32\VAULTCLI.dll
0x00007ff96cc80000 - 0x00007ff96ce6f000 	C:\WINDOWS\SYSTEM32\urlmon.dll
0x00007ff972120000 - 0x00007ff9721c1000 	C:\WINDOWS\SYSTEM32\policymanager.dll
0x00007ff972080000 - 0x00007ff972112000 	C:\WINDOWS\SYSTEM32\msvcp110_win.dll
0x00007ff962690000 - 0x00007ff96269e000 	C:\Users\Dell\.jdks\openjdk-17.0.1\bin\sunmscapi.dll
0x00007ff976d40000 - 0x00007ff976ea2000 	C:\WINDOWS\System32\CRYPT32.dll
0x00007ff975eb0000 - 0x00007ff975ed8000 	C:\WINDOWS\SYSTEM32\ncrypt.dll
0x00007ff975e70000 - 0x00007ff975ea7000 	C:\WINDOWS\SYSTEM32\NTASN1.dll
0x00007ff976cd0000 - 0x00007ff976d37000 	C:\WINDOWS\System32\WINTRUST.dll
0x00007ff975dc0000 - 0x00007ff975dd2000 	C:\WINDOWS\System32\MSASN1.dll
0x00007ff977ff0000 - 0x00007ff97800f000 	C:\WINDOWS\System32\imagehlp.dll

dbghelp: loaded successfully - version: 4.0.5 - missing functions: none
symbol engine: initialized successfully - sym options: 0x614 - pdb path: .;C:\Users\Dell\.jdks\openjdk-17.0.1\bin;C:\WINDOWS\SYSTEM32;C:\WINDOWS\WinSxS\amd64_microsoft.windows.common-controls_6595b64144ccf1df_6.0.22000.120_none_9d947278b86cc467;C:\Users\Dell\.jdks\openjdk-17.0.1\bin\server;C:\Program Files\JetBrains\IntelliJ IDEA Community Edition 2021.2.3\bin

VM Arguments:
jvm_args: -ea -Didea.test.cyclic.buffer.size=1048576 -javaagent:C:\Program Files\JetBrains\IntelliJ IDEA Community Edition 2021.2.3\lib\idea_rt.jar=54794:C:\Program Files\JetBrains\IntelliJ IDEA Community Edition 2021.2.3\bin -Dfile.encoding=UTF-8 
java_command: com.intellij.rt.testng.RemoteTestNGStarter -usedefaultlisteners false -socket54793 @w@C:\Users\Dell\AppData\Local\Temp\idea_working_dirs_testng.tmp -temp C:\Users\Dell\AppData\Local\Temp\idea_testng.tmp
java_class_path (initial): C:\Program Files\JetBrains\IntelliJ IDEA Community Edition 2021.2.3\lib\idea_rt.jar;C:\Program Files\JetBrains\IntelliJ IDEA Community Edition 2021.2.3\plugins\testng\lib\testng-rt.jar;C:\Users\Dell\IdeaProjects\qa-automation\target\test-classes;C:\Users\Dell\IdeaProjects\qa-automation\target\classes;C:\Users\Dell\.m2\repository\org\seleniumhq\selenium\selenium-java\3.12.0\selenium-java-3.12.0.jar;C:\Users\Dell\.m2\repository\org\seleniumhq\selenium\selenium-api\3.12.0\selenium-api-3.12.0.jar;C:\Users\Dell\.m2\repository\org\seleniumhq\selenium\selenium-chrome-driver\3.12.0\selenium-chrome-driver-3.12.0.jar;C:\Users\Dell\.m2\repository\org\seleniumhq\selenium\selenium-edge-driver\3.12.0\selenium-edge-driver-3.12.0.jar;C:\Users\Dell\.m2\repository\org\seleniumhq\selenium\selenium-firefox-driver\3.12.0\selenium-firefox-driver-3.12.0.jar;C:\Users\Dell\.m2\repository\org\seleniumhq\selenium\selenium-ie-driver\3.12.0\selenium-ie-driver-3.12.0.jar;C:\Users\Dell\.m2\repository\org\seleniumhq\selenium\selenium-opera-driver\3.12.0\selenium-opera-driver-3.12.0.jar;C:\Users\Dell\.m2\repository\org\seleniumhq\selenium\selenium-remote-driver\3.12.0\selenium-remote-driver-3.12.0.jar;C:\Users\Dell\.m2\repository\org\seleniumhq\selenium\selenium-safari-driver\3.12.0\selenium-safari-driver-3.12.0.jar;C:\Users\Dell\.m2\repository\org\seleniumhq\selenium\selenium-support\3.12.0\selenium-support-3.12.0.jar;C:\Users\Dell\.m2\repository\net\bytebuddy\byte-buddy\1.8.3\byte-buddy-1.8.3.jar;C:\Users\Dell\.m2\repository\org\apache\commons\commons-exec\1.3\commons-exec-1.3.jar;C:\Users\Dell\.m2\repository\com\google\code\gson\gson\2.8.2\gson-2.8.2.jar;C:\Users\Dell\.m2\repository\com\google\guava\guava\23.6-jre\guava-23.6-jre.jar;C:\Users\Dell\.m2\repository\com\google\code\findbugs\jsr305\1.3.9\jsr305-1.3.9.jar;C:\Users\Dell\.m2\repository\org\checkerframework\checker-compat-qual\2.0.0\checker-compat-qual-2.0.0.jar;C:\Users\Dell\.m2\repository\com\google\errorpro
Launcher Type: SUN_STANDARD

[Global flags]
     intx CICompilerCount                          = 4                                         {product} {ergonomic}
     uint ConcGCThreads                            = 2                                         {product} {ergonomic}
     uint G1ConcRefinementThreads                  = 8                                         {product} {ergonomic}
   size_t G1HeapRegionSize                         = 1048576                                   {product} {ergonomic}
    uintx GCDrainStackTargetSize                   = 64                                        {product} {ergonomic}
   size_t InitialHeapSize                          = 130023424                                 {product} {ergonomic}
   size_t MarkStackSize                            = 4194304                                   {product} {ergonomic}
   size_t MaxHeapSize                              = 2076180480                                {product} {ergonomic}
   size_t MaxNewSize                               = 1245708288                                {product} {ergonomic}
   size_t MinHeapDeltaBytes                        = 1048576                                   {product} {ergonomic}
   size_t MinHeapSize                              = 8388608                                   {product} {ergonomic}
    uintx NonNMethodCodeHeapSize                   = 5839372                                {pd product} {ergonomic}
    uintx NonProfiledCodeHeapSize                  = 122909434                              {pd product} {ergonomic}
    uintx ProfiledCodeHeapSize                     = 122909434                              {pd product} {ergonomic}
    uintx ReservedCodeCacheSize                    = 251658240                              {pd product} {ergonomic}
     bool SegmentedCodeCache                       = true                                      {product} {ergonomic}
   size_t SoftMaxHeapSize                          = 2076180480                             {manageable} {ergonomic}
     bool UseCompressedClassPointers               = true                           {product lp64_product} {ergonomic}
     bool UseCompressedOops                        = true                           {product lp64_product} {ergonomic}
     bool UseG1GC                                  = true                                      {product} {ergonomic}
     bool UseLargePagesIndividualAllocation        = false                                  {pd product} {ergonomic}

Logging:
Log output configuration:
 #0: stdout all=warning uptime,level,tags
 #1: stderr all=off uptime,level,tags

Environment Variables:
PATH=C:\Program Files\Common Files\Oracle\Java\javapath;C:\WINDOWS\system32;C:\WINDOWS;C:\WINDOWS\System32\Wbem;C:\WINDOWS\System32\WindowsPowerShell\v1.0\;C:\WINDOWS\System32\OpenSSH\;C:\Program Files\Git\cmd;C:\Users\Dell\Downloads\apache-maven-3.8.4-bin\apache-maven-3.8.4\bin;C:\Program Files\nodejs\;C:\Program Files\Docker\Docker\resources\bin;C:\ProgramData\DockerDesktop\version-bin;C:\Users\Dell\AppData\Local\Microsoft\WindowsApps;;C:\Program Files\JetBrains\IntelliJ IDEA Community Edition 2021.2.3\bin;;C:\Users\Dell\AppData\Local\Programs\Microsoft VS Code\bin;C:\Users\Dell\AppData\Roaming\npm
USERNAME=Dell
OS=Windows_NT
PROCESSOR_IDENTIFIER=Intel64 Family 6 Model 140 Stepping 1, GenuineIntel



---------------  S Y S T E M  ---------------

OS:
 Windows 10 , 64 bit Build 22000 (10.0.22000.708)
OS uptime: 1 days 19:52 hours
Hyper-V role detected

CPU: total 8 (initial active 8) (4 cores per cpu, 2 threads per core) family 6 model 140 stepping 1 microcode 0xa4, cx8, cmov, fxsr, ht, mmx, 3dnowpref, sse, sse2, sse3, ssse3, sse4.1, sse4.2, popcnt, lzcnt, tsc, tscinvbit, avx, avx2, aes, erms, clmul, bmi1, bmi2, adx, avx512f, avx512dq, avx512cd, avx512bw, avx512vl, sha, fma, vzeroupper, avx512_vpopcntdq, avx512_vpclmulqdq, avx512_vaes, avx512_vnni, clflush, clflushopt, clwb, avx512_vbmi2, avx512_vbmi, hv

Memory: 4k page, system-wide physical 7918M (310M free)
TotalPageFile size 15918M (AvailPageFile size 0M)
current process WorkingSet (physical memory assigned to process): 253M, peak: 291M
current process commit charge ("private bytes"): 361M, peak: 374M

vm_info: OpenJDK 64-Bit Server VM (17.0.1+12-39) for windows-amd64 JRE (17.0.1+12-39), built on Sep 27 2021 18:39:29 by "mach5one" with MS VC++ 16.8 (VS2019)

END.
